# JRE version: OpenJDK Runtime Environment 18.9 (11.0.15+10) (build 11.0.15+10)
# Java VM: OpenJDK 64-Bit Server VM 18.9 (11.0.15+10, mixed mode, tiered, compressed oops, g1 gc, windows-amd64)
Heap:
 garbage-first heap   total 65536K, used 14125K [0x00000000fc000000, 0x0000000100000000)
  region size 1024K, 6 young (6144K), 2 survivors (2048K)
 Metaspace       used 17335K, capacity 17674K, committed 17792K, reserved 1064960K
  class space    used 1944K, capacity 2068K, committed 2176K, reserved 1048576K
GC Heap History (6 events):
Event: 1.184 GC heap before
{Heap before GC invocations=0 (full 0):
 garbage-first heap   total 65536K, used 16384K [0x00000000fc000000, 0x0000000100000000)
  region size 1024K, 14 young (14336K), 0 survivors (0K)
 Metaspace       used 7651K, capacity 7825K, committed 7936K, reserved 1056768K
  class space    used 670K, capacity 754K, committed 768K, reserved 1048576K
}
Event: 1.191 GC heap after
{Heap after GC invocations=1 (full 0):
 garbage-first heap   total 65536K, used 3322K [0x00000000fc000000, 0x0000000100000000)
  region size 1024K, 2 young (2048K), 2 survivors (2048K)
 Metaspace       used 7651K, capacity 7825K, committed 7936K, reserved 1056768K
  class space    used 670K, capacity 754K, committed 768K, reserved 1048576K
}
Event: 1.783 GC heap before
{Heap before GC invocations=1 (full 0):
 garbage-first heap   total 65536K, used 18682K [0x00000000fc000000, 0x0000000100000000)
  region size 1024K, 14 young (14336K), 2 survivors (2048K)
 Metaspace       used 10559K, capacity 10726K, committed 11008K, reserved 1058816K
  class space    used 1089K, capacity 1172K, committed 1280K, reserved 1048576K
}
Event: 1.789 GC heap after
{Heap after GC invocations=2 (full 0):
 garbage-first heap   total 65536K, used 9564K [0x00000000fc000000, 0x0000000100000000)
  region size 1024K, 2 young (2048K), 2 survivors (2048K)
 Metaspace       used 10559K, capacity 10726K, committed 11008K, reserved 1058816K
  class space    used 1089K, capacity 1172K, committed 1280K, reserved 1048576K
}
Event: 3.978 GC heap before
{Heap before GC invocations=2 (full 0):
 garbage-first heap   total 65536K, used 32092K [0x00000000fc000000, 0x0000000100000000)
  region size 1024K, 24 young (24576K), 2 survivors (2048K)
 Metaspace       used 15982K, capacity 16312K, committed 16512K, reserved 1064960K
  class space    used 1796K, capacity 1907K, committed 1920K, reserved 1048576K
}
Event: 3.983 GC heap after
{Heap after GC invocations=3 (full 0):
 garbage-first heap   total 65536K, used 11053K [0x00000000fc000000, 0x0000000100000000)
  region size 1024K, 2 young (2048K), 2 survivors (2048K)
 Metaspace       used 15982K, capacity 16312K, committed 16512K, reserved 1064960K
  class space    used 1796K, capacity 1907K, committed 1920K, reserved 1048576K
}

