# JRE version: OpenJDK Runtime Environment 18.9 (11.0.15+10) (build 11.0.15+10)
# Java VM: OpenJDK 64-Bit Server VM 18.9 (11.0.15+10, mixed mode, tiered, compressed oops, g1 gc, windows-amd64)
Heap:
 garbage-first heap   total 152576K, used 42844K [0x0000000080000000, 0x0000000100000000)
  region size 1024K, 24 young (24576K), 7 survivors (7168K)
 Metaspace       used 40516K, capacity 41529K, committed 41680K, reserved 552960K
  class space    used 5092K, capacity 5449K, committed 5504K, reserved 516096K
GC Heap History (18 events):
Event: 0.914 GC heap before
{Heap before GC invocations=0 (full 0):
 garbage-first heap   total 126976K, used 17408K [0x0000000080000000, 0x0000000100000000)
  region size 1024K, 14 young (14336K), 0 survivors (0K)
 Metaspace       used 6751K, capacity 6937K, committed 7168K, reserved 524288K
  class space    used 572K, capacity 650K, committed 768K, reserved 516096K
}
Event: 0.940 GC heap after
{Heap after GC invocations=1 (full 0):
 garbage-first heap   total 126976K, used 3840K [0x0000000080000000, 0x0000000100000000)
  region size 1024K, 2 young (2048K), 2 survivors (2048K)
 Metaspace       used 6751K, capacity 6937K, committed 7168K, reserved 524288K
  class space    used 572K, capacity 650K, committed 768K, reserved 516096K
}
Event: 1.432 GC heap before
{Heap before GC invocations=1 (full 0):
 garbage-first heap   total 126976K, used 18176K [0x0000000080000000, 0x0000000100000000)
  region size 1024K, 14 young (14336K), 2 survivors (2048K)
 Metaspace       used 9903K, capacity 10130K, committed 10368K, reserved 526336K
  class space    used 1011K, capacity 1102K, committed 1152K, reserved 516096K
}
Event: 1.438 GC heap after
{Heap after GC invocations=2 (full 0):
 garbage-first heap   total 126976K, used 9310K [0x0000000080000000, 0x0000000100000000)
  region size 1024K, 2 young (2048K), 2 survivors (2048K)
 Metaspace       used 9903K, capacity 10130K, committed 10368K, reserved 526336K
  class space    used 1011K, capacity 1102K, committed 1152K, reserved 516096K
}
Event: 2.418 GC heap before
{Heap before GC invocations=2 (full 0):
 garbage-first heap   total 126976K, used 39006K [0x0000000080000000, 0x0000000100000000)
  region size 1024K, 30 young (30720K), 2 survivors (2048K)
 Metaspace       used 10935K, capacity 11149K, committed 11264K, reserved 526336K
  class space    used 1113K, capacity 1207K, committed 1280K, reserved 516096K
}
Event: 2.425 GC heap after
{Heap after GC invocations=3 (full 0):
 garbage-first heap   total 126976K, used 12288K [0x0000000080000000, 0x0000000100000000)
  region size 1024K, 4 young (4096K), 4 survivors (4096K)
 Metaspace       used 10935K, capacity 11149K, committed 11264K, reserved 526336K
  class space    used 1113K, capacity 1207K, committed 1280K, reserved 516096K
}
Event: 5.385 GC heap before
{Heap before GC invocations=3 (full 0):
 garbage-first heap   total 126976K, used 53248K [0x0000000080000000, 0x0000000100000000)
  region size 1024K, 44 young (45056K), 4 survivors (4096K)
 Metaspace       used 17761K, capacity 18140K, committed 18304K, reserved 532480K
  class space    used 2071K, capacity 2176K, committed 2176K, reserved 516096K
}
Event: 5.393 GC heap after
{Heap after GC invocations=4 (full 0):
 garbage-first heap   total 126976K, used 16289K [0x0000000080000000, 0x0000000100000000)
  region size 1024K, 6 young (6144K), 6 survivors (6144K)
 Metaspace       used 17761K, capacity 18140K, committed 18304K, reserved 532480K
  class space    used 2071K, capacity 2176K, committed 2176K, reserved 516096K
}
Event: 5.785 GC heap before
{Heap before GC invocations=4 (full 0):
 garbage-first heap   total 126976K, used 36769K [0x0000000080000000, 0x0000000100000000)
  region size 1024K, 27 young (27648K), 6 survivors (6144K)
 Metaspace       used 20661K, capacity 21137K, committed 21296K, reserved 536576K
  class space    used 2473K, capacity 2626K, committed 2688K, reserved 516096K
}
Event: 5.794 GC heap after
{Heap after GC invocations=5 (full 0):
 garbage-first heap   total 126976K, used 17620K [0x0000000080000000, 0x0000000100000000)
  region size 1024K, 2 young (2048K), 2 survivors (2048K)
 Metaspace       used 20661K, capacity 21137K, committed 21296K, reserved 536576K
  class space    used 2473K, capacity 2626K, committed 2688K, reserved 516096K
}
Event: 6.963 GC heap before
{Heap before GC invocations=6 (full 0):
 garbage-first heap   total 126976K, used 64724K [0x0000000080000000, 0x0000000100000000)
  region size 1024K, 48 young (49152K), 2 survivors (2048K)
 Metaspace       used 25501K, capacity 26115K, committed 26288K, reserved 540672K
  class space    used 3255K, capacity 3482K, committed 3584K, reserved 516096K
}
Event: 6.968 GC heap after
{Heap after GC invocations=7 (full 0):
 garbage-first heap   total 126976K, used 18835K [0x0000000080000000, 0x0000000100000000)
  region size 1024K, 3 young (3072K), 3 survivors (3072K)
 Metaspace       used 25501K, capacity 26115K, committed 26288K, reserved 540672K
  class space    used 3255K, capacity 3482K, committed 3584K, reserved 516096K
}
Event: 8.032 GC heap before
{Heap before GC invocations=7 (full 0):
 garbage-first heap   total 126976K, used 83347K [0x0000000080000000, 0x0000000100000000)
  region size 1024K, 66 young (67584K), 3 survivors (3072K)
 Metaspace       used 32205K, capacity 32997K, committed 33200K, reserved 544768K
  class space    used 4255K, capacity 4571K, committed 4608K, reserved 516096K
}
Event: 8.041 GC heap after
{Heap after GC invocations=8 (full 0):
 garbage-first heap   total 126976K, used 21153K [0x0000000080000000, 0x0000000100000000)
  region size 1024K, 5 young (5120K), 5 survivors (5120K)
 Metaspace       used 32205K, capacity 32997K, committed 33200K, reserved 544768K
  class space    used 4255K, capacity 4571K, committed 4608K, reserved 516096K
}
Event: 8.289 GC heap before
{Heap before GC invocations=8 (full 0):
 garbage-first heap   total 126976K, used 27297K [0x0000000080000000, 0x0000000100000000)
  region size 1024K, 12 young (12288K), 5 survivors (5120K)
 Metaspace       used 35021K, capacity 35799K, committed 35920K, reserved 548864K
  class space    used 4476K, capacity 4822K, committed 4864K, reserved 516096K
}
Event: 8.302 GC heap after
{Heap after GC invocations=9 (full 0):
 garbage-first heap   total 126976K, used 22282K [0x0000000080000000, 0x0000000100000000)
  region size 1024K, 6 young (6144K), 6 survivors (6144K)
 Metaspace       used 35021K, capacity 35799K, committed 35920K, reserved 548864K
  class space    used 4476K, capacity 4822K, committed 4864K, reserved 516096K
}
Event: 10.336 GC heap before
{Heap before GC invocations=10 (full 0):
 garbage-first heap   total 126976K, used 73482K [0x0000000080000000, 0x0000000100000000)
  region size 1024K, 54 young (55296K), 6 survivors (6144K)
 Metaspace       used 39900K, capacity 40875K, committed 41168K, reserved 552960K
  class space    used 5014K, capacity 5402K, committed 5504K, reserved 516096K
}
Event: 10.353 GC heap after
{Heap after GC invocations=11 (full 0):
 garbage-first heap   total 152576K, used 26460K [0x0000000080000000, 0x0000000100000000)
  region size 1024K, 7 young (7168K), 7 survivors (7168K)
 Metaspace       used 39900K, capacity 40875K, committed 41168K, reserved 552960K
  class space    used 5014K, capacity 5402K, committed 5504K, reserved 516096K
}

